<?xml version="1.0" encoding="UTF-8"?>
<!-- Generated by org.testng.reporters.JUnitReportReporter -->
<testsuite skipped="0" hostname="MOHCHAUD-IN" name="testclasses.TestDependsOn" tests="2" failures="0" timestamp="28 Aug 2018 14:58:00 GMT" time="0.017" errors="0">
  <testcase name="testMethod1" time="0.008" classname="testclasses.TestDependsOn"/>
  <testcase name="testMethod2" time="0.009" classname="testclasses.TestDependsOn"/>
</testsuite> <!-- testclasses.TestDependsOn -->
