<?xml version="1.0" encoding="UTF-8"?>
<!-- Generated by org.testng.reporters.JUnitReportReporter -->
<testsuite skipped="0" hostname="MOHCHAUD-IN" name="testclasses.TestGrouping" tests="3" failures="0" timestamp="28 Aug 2018 11:34:17 GMT" time="0.031" errors="0">
  <testcase name="testMethod2" time="0.004" classname="testclasses.TestGrouping"/>
  <testcase name="testMethod3" time="0.005" classname="testclasses.TestGrouping"/>
  <testcase name="testMethod1" time="0.022" classname="testclasses.TestGrouping"/>
</testsuite> <!-- testclasses.TestGrouping -->
