<?xml version="1.0" encoding="UTF-8"?>
<!-- Generated by org.testng.reporters.JUnitReportReporter -->
<testsuite skipped="0" hostname="MOHCHAUD-IN" name="testclasses.TestAsserts1" tests="3" failures="0" timestamp="28 Aug 2018 08:39:38 GMT" time="0.022" errors="0">
  <testcase name="testMethod2" time="0.001" classname="testclasses.TestAsserts1"/>
  <testcase name="testMethod3" time="0.001" classname="testclasses.TestAsserts1"/>
  <testcase name="testMethod1" time="0.020" classname="testclasses.TestAsserts1"/>
</testsuite> <!-- testclasses.TestAsserts1 -->
