<?xml version="1.0" encoding="UTF-8"?>
<!-- Generated by org.testng.reporters.JUnitReportReporter -->
<testsuite skipped="0" hostname="MOHCHAUD-IN" name="regression.TestRegression2" tests="3" failures="0" timestamp="28 Aug 2018 16:00:22 GMT" time="0.010" errors="0">
  <testcase name="testMethod1" time="0.001" classname="regression.TestRegression2"/>
  <testcase name="testMethod2" time="0.006" classname="regression.TestRegression2"/>
  <testcase name="testMethod3" time="0.003" classname="regression.TestRegression2"/>
</testsuite> <!-- regression.TestRegression2 -->
