<?xml version="1.0" encoding="UTF-8"?>
<!-- Generated by org.testng.reporters.JUnitReportReporter -->
<testsuite skipped="0" hostname="MOHCHAUD-IN" name="regression.TestRegression1" tests="4" failures="0" timestamp="28 Aug 2018 16:00:22 GMT" time="0.016" errors="0">
  <testcase name="testMethod1" time="0.009" classname="regression.TestRegression1"/>
  <testcase name="testMethod2" time="0.002" classname="regression.TestRegression1"/>
  <testcase name="testMethod1" time="0.004" classname="regression.TestRegression1"/>
  <testcase name="testMethod2" time="0.001" classname="regression.TestRegression1"/>
</testsuite> <!-- regression.TestRegression1 -->
