<?xml version="1.0" encoding="UTF-8"?>
<!-- Generated by org.testng.reporters.JUnitReportReporter -->
<testsuite skipped="0" hostname="MOHCHAUD-IN" name="testclasses.TestPriority" tests="3" failures="0" timestamp="28 Aug 2018 10:54:05 GMT" time="0.018" errors="0">
  <testcase name="testMethod2" time="0.015" classname="testclasses.TestPriority"/>
  <testcase name="testMethod3" time="0.002" classname="testclasses.TestPriority"/>
  <testcase name="testMethod1" time="0.001" classname="testclasses.TestPriority"/>
</testsuite> <!-- testclasses.TestPriority -->
