<?xml version="1.0" encoding="UTF-8"?>
<!-- Generated by org.testng.reporters.JUnitReportReporter -->
<testsuite skipped="0" hostname="MOHCHAUD-IN" name="testclasses.TestAnnotation1" tests="3" failures="0" timestamp="28 Aug 2018 07:43:32 GMT" time="0.023" errors="0">
  <testcase name="testMethod1" time="0.019" classname="testclasses.TestAnnotation1"/>
  <testcase name="testMethod2" time="0.003" classname="testclasses.TestAnnotation1"/>
  <testcase name="testMethod3" time="0.001" classname="testclasses.TestAnnotation1"/>
</testsuite> <!-- testclasses.TestAnnotation1 -->
