<?xml version="1.0" encoding="UTF-8"?>
<!-- Generated by org.testng.reporters.JUnitReportReporter -->
<testsuite skipped="0" hostname="MOHCHAUD-IN" name="testclasses.TestDataProvider" tests="3" failures="0" timestamp="28 Aug 2018 16:29:59 GMT" time="0.016" errors="0">
  <testcase name="testMethod1" time="0.002" classname="testclasses.TestDataProvider"/>
  <testcase name="testMethod1" time="0.012" classname="testclasses.TestDataProvider"/>
  <testcase name="testMethod1" time="0.002" classname="testclasses.TestDataProvider"/>
</testsuite> <!-- testclasses.TestDataProvider -->
