<?xml version="1.0" encoding="UTF-8"?>
<!-- Generated by org.testng.reporters.JUnitReportReporter -->
<testsuite skipped="0" hostname="MOHCHAUD-IN" name="testclasses.TestAnnotation2" tests="2" failures="0" timestamp="28 Aug 2018 09:48:07 GMT" time="0.010" errors="0">
  <testcase name="testMethod2" time="0.002" classname="testclasses.TestAnnotation2"/>
  <testcase name="testMethod1" time="0.008" classname="testclasses.TestAnnotation2"/>
</testsuite> <!-- testclasses.TestAnnotation2 -->
